Arguments: 
  D:\node_js\node.exe C:\Users\53039\AppData\Roaming\npm\node_modules\yarn\bin\yarn.js

PATH: 
  C:\Users\53039\AppData\Local\Programs\Python\Python39\Scripts\;C:\Users\53039\AppData\Local\Programs\Python\Python39\;C:\Program Files\Common Files\Oracle\Java\javapath;C:\Program Files (x86)\Common Files\Oracle\Java\javapath;C:\Program Files (x86)\Common Files\Intel\Shared Libraries\redist\intel64\compiler;C:\Windows\system32;C:\Windows;C:\Windows\System32\Wbem;C:\Windows\System32\WindowsPowerShell\v1.0\;C:\Windows\System32\OpenSSH\;C:\Program Files (x86)\NVIDIA Corporation\PhysX\Common;C:\WINDOWS\system32;C:\WINDOWS;C:\WINDOWS\System32\Wbem;C:\WINDOWS\System32\WindowsPowerShell\v1.0\;C:\WINDOWS\System32\OpenSSH\;D:\vscode\mingw64\bin;D:\vs\Common7\IDE\CommonExtensions\Microsoft\TeamFoundation\Team Explorer\Git\mingw32\bin;D:\redis;C:\ProgramData\chocolatey\bin;C:\Python27;D:\Git\cmd;D:\jdk;D:\node_js\;D:\Ruby31\bin;C:\Users\53039\AppData\Local\Programs\Python\Python27\;C:\Users\53039\AppData\Local\Microsoft\WindowsApps;C:\Users\53039\AppData\Local\Programs\Microsoft VS Code\bin;D:\MONGODB;D:\IDEA\WebStorm 2021.2\bin;D:\jdk\platform-tools;D:\jdk\emulator;D:\jdk\tools;D:\jdk\tools\bin;C:\Users\53039\AppData\Roaming\npm

Yarn version: 
  1.22.17

Node version: 
  16.13.1

Platform: 
  win32 x64

Trace: 
  Error: EPERM: operation not permitted, unlink 'D:\newreact\vite-project\node_modules\esbuild-windows-64\esbuild.exe'

npm manifest: 
  {
    "name": "vite-project",
    "version": "0.0.0",
    "scripts": {
      "dev": "vite",
      "build": "vite build",
      "preview": "vite preview"
    },
    "dependencies": {
      "@ant-design/icons": "^4.7.0",
      "antd": "^4.18.5",
      "axios": "^0.25.0",
      "flv.js": "^1.6.2",
      "mockjs": "^1.1.0",
      "react": "^17.0.2",
      "react-dom": "^17.0.2",
      "react-infinite-scroll-component": "^6.1.0",
      "react-router-dom": "6"
    },
    "devDependencies": {
      "@vitejs/plugin-react": "^1.0.7",
      "vite": "^2.7.2"
    },
    "license": "ISC"
  }

yarn manifest: 
  No manifest

Lockfile: 
  # THIS IS AN AUTOGENERATED FILE. DO NOT EDIT THIS FILE DIRECTLY.
  # yarn lockfile v1
  
  
  "@ampproject/remapping@^2.0.0":
    "integrity" "sha512-sE8Gx+qSDMLoJvb3QarJJlDQK7SSY4rK3hxp4XsiANeFOmjU46ZI7Y9adAQRJrmbz8zbtZkp3mJTT+rGxtF0XA=="
    "resolved" "https://registry.npmmirror.com/@ampproject/remapping/-/remapping-2.0.2.tgz"
    "version" "2.0.2"
    dependencies:
      "@jridgewell/trace-mapping" "^0.2.2"
      "sourcemap-codec" "1.4.8"
  
  "@ant-design/colors@^6.0.0":
    "integrity" "sha512-qAZRvPzfdWHtfameEGP2Qvuf838NhergR35o+EuVyB5XvSA98xod5r4utvi4TJ3ywmevm290g9nsCG5MryrdWQ=="
    "resolved" "https://registry.npmmirror.com/@ant-design/colors/-/colors-6.0.0.tgz"
    "version" "6.0.0"
    dependencies:
      "@ctrl/tinycolor" "^3.4.0"
  
  "@ant-design/icons-svg@^4.2.1":
    "integrity" "sha512-EB0iwlKDGpG93hW8f85CTJTs4SvMX7tt5ceupvhALp1IF44SeUFOMhKUOYqpsoYWQKAOuTRDMqn75rEaKDp0Xw=="
    "resolved" "https://registry.npmmirror.com/@ant-design/icons-svg/-/icons-svg-4.2.1.tgz"
    "version" "4.2.1"
  
  "@ant-design/icons@^4.7.0":
    "integrity" "sha512-aoB4Z7JA431rt6d4u+8xcNPPCrdufSRMUOpxa1ab6mz1JCQZOEVolj2WVs/tDFmN62zzK30mNelEsprLYsSF3g=="
    "resolved" "https://registry.npmmirror.com/@ant-design/icons/-/icons-4.7.0.tgz"
    "version" "4.7.0"
    dependencies:
      "@ant-design/colors" "^6.0.0"
      "@ant-design/icons-svg" "^4.2.1"
      "@babel/runtime" "^7.11.2"
      "classnames" "^2.2.6"
      "rc-util" "^5.9.4"
  
  "@ant-design/react-slick@~0.28.1":
    "integrity" "sha512-j9eAHTn7GxbXUFNknJoHS2ceAsqrQi2j8XykjZE1IXCD8kJF+t28EvhBLniDpbOsBk/3kjalnhriTfZcjBHNqg=="
    "resolved" "https://registry.npmmirror.com/@ant-design/react-slick/-/react-slick-0.28.4.tgz"
    "version" "0.28.4"
    dependencies:
      "@babel/runtime" "^7.10.4"
      "classnames" "^2.2.5"
      "json2mq" "^0.2.0"
      "lodash" "^4.17.21"
      "resize-observer-polyfill" "^1.5.0"
  
  "@babel/code-frame@^7.16.7":
    "integrity" "sha512-iAXqUn8IIeBTNd72xsFlgaXHkMBMt6y4HJp1tIaK465CWLT/fG1aqB7ykr95gHHmlBdGbFeWWfyB4NJJ0nmeIg=="
    "resolved" "https://registry.npmmirror.com/@babel/code-frame/-/code-frame-7.16.7.tgz"
    "version" "7.16.7"
    dependencies:
      "@babel/highlight" "^7.16.7"
  
  "@babel/compat-data@^7.16.4":
    "integrity" "sha512-392byTlpGWXMv4FbyWw3sAZ/FrW/DrwqLGXpy0mbyNe9Taqv1mg9yON5/o0cnr8XYCkFTZbC1eV+c+LAROgrng=="
    "resolved" "https://registry.npmmirror.com/@babel/compat-data/-/compat-data-7.17.0.tgz"
    "version" "7.17.0"
  
  "@babel/core@^7.0.0", "@babel/core@^7.0.0-0", "@babel/core@^7.16.5":
    "integrity" "sha512-x/5Ea+RO5MvF9ize5DeVICJoVrNv0Mi2RnIABrZEKYvPEpldXwauPkgvYA17cKa6WpU3LoYvYbuEMFtSNFsarA=="
    "resolved" "https://registry.npmmirror.com/@babel/core/-/core-7.17.0.tgz"
    "version" "7.17.0"
    dependencies:
      "@ampproject/remapping" "^2.0.0"
      "@babel/code-frame" "^7.16.7"
      "@babel/generator" "^7.17.0"
      "@babel/helper-compilation-targets" "^7.16.7"
      "@babel/helper-module-transforms" "^7.16.7"
      "@babel/helpers" "^7.17.0"
      "@babel/parser" "^7.17.0"
      "@babel/template" "^7.16.7"
      "@babel/traverse" "^7.17.0"
      "@babel/types" "^7.17.0"
      "convert-source-map" "^1.7.0"
      "debug" "^4.1.0"
      "gensync" "^1.0.0-beta.2"
      "json5" "^2.1.2"
      "semver" "^6.3.0"
  
  "@babel/generator@^7.17.0":
    "integrity" "sha512-I3Omiv6FGOC29dtlZhkfXO6pgkmukJSlT26QjVvS1DGZe/NzSVCPG41X0tS21oZkJYlovfj9qDWgKP+Cn4bXxw=="
    "resolved" "https://registry.npmmirror.com/@babel/generator/-/generator-7.17.0.tgz"
    "version" "7.17.0"
    dependencies:
      "@babel/types" "^7.17.0"
      "jsesc" "^2.5.1"
      "source-map" "^0.5.0"
  
  "@babel/helper-annotate-as-pure@^7.16.7":
    "integrity" "sha512-s6t2w/IPQVTAET1HitoowRGXooX8mCgtuP5195wD/QJPV6wYjpujCGF7JuMODVX2ZAJOf1GT6DT9MHEZvLOFSw=="
    "resolved" "https://registry.npmmirror.com/@babel/helper-annotate-as-pure/-/helper-annotate-as-pure-7.16.7.tgz"
    "version" "7.16.7"
    dependencies:
      "@babel/types" "^7.16.7"
  
  "@babel/helper-compilation-targets@^7.16.7":
    "integrity" "sha512-mGojBwIWcwGD6rfqgRXVlVYmPAv7eOpIemUG3dGnDdCY4Pae70ROij3XmfrH6Fa1h1aiDylpglbZyktfzyo/hA=="
    "resolved" "https://registry.npmmirror.com/@babel/helper-compilation-targets/-/helper-compilation-targets-7.16.7.tgz"
    "version" "7.16.7"
    dependencies:
      "@babel/compat-data" "^7.16.4"
      "@babel/helper-validator-option" "^7.16.7"
      "browserslist" "^4.17.5"
      "semver" "^6.3.0"
  
  "@babel/helper-environment-visitor@^7.16.7":
    "integrity" "sha512-SLLb0AAn6PkUeAfKJCCOl9e1R53pQlGAfc4y4XuMRZfqeMYLE0dM1LMhqbGAlGQY0lfw5/ohoYWAe9V1yibRag=="
    "resolved" "https://registry.npmmirror.com/@babel/helper-environment-visitor/-/helper-environment-visitor-7.16.7.tgz"
    "version" "7.16.7"
    dependencies:
      "@babel/types" "^7.16.7"
  
  "@babel/helper-function-name@^7.16.7":
    "integrity" "sha512-QfDfEnIUyyBSR3HtrtGECuZ6DAyCkYFp7GHl75vFtTnn6pjKeK0T1DB5lLkFvBea8MdaiUABx3osbgLyInoejA=="
    "resolved" "https://registry.npmmirror.com/@babel/helper-function-name/-/helper-function-name-7.16.7.tgz"
    "version" "7.16.7"
    dependencies:
      "@babel/helper-get-function-arity" "^7.16.7"
      "@babel/template" "^7.16.7"
      "@babel/types" "^7.16.7"
  
  "@babel/helper-get-function-arity@^7.16.7":
    "integrity" "sha512-flc+RLSOBXzNzVhcLu6ujeHUrD6tANAOU5ojrRx/as+tbzf8+stUCj7+IfRRoAbEZqj/ahXEMsjhOhgeZsrnTw=="
    "resolved" "https://registry.npmmirror.com/@babel/helper-get-function-arity/-/helper-get-function-arity-7.16.7.tgz"
    "version" "7.16.7"
    dependencies:
      "@babel/types" "^7.16.7"
  
  "@babel/helper-hoist-variables@^7.16.7":
    "integrity" "sha512-m04d/0Op34H5v7pbZw6pSKP7weA6lsMvfiIAMeIvkY/R4xQtBSMFEigu9QTZ2qB/9l22vsxtM8a+Q8CzD255fg=="
    "resolved" "https://registry.npmmirror.com/@babel/helper-hoist-variables/-/helper-hoist-variables-7.16.7.tgz"
    "version" "7.16.7"
    dependencies:
      "@babel/types" "^7.16.7"
  
  "@babel/helper-module-imports@^7.16.7":
    "integrity" "sha512-LVtS6TqjJHFc+nYeITRo6VLXve70xmq7wPhWTqDJusJEgGmkAACWwMiTNrvfoQo6hEhFwAIixNkvB0jPXDL8Wg=="
    "resolved" "https://registry.npmmirror.com/@babel/helper-module-imports/-/helper-module-imports-7.16.7.tgz"
    "version" "7.16.7"
    dependencies:
      "@babel/types" "^7.16.7"
  
  "@babel/helper-module-transforms@^7.16.7":
    "integrity" "sha512-gaqtLDxJEFCeQbYp9aLAefjhkKdjKcdh6DB7jniIGU3Pz52WAmP268zK0VgPz9hUNkMSYeH976K2/Y6yPadpng=="
    "resolved" "https://registry.npmmirror.com/@babel/helper-module-transforms/-/helper-module-transforms-7.16.7.tgz"
    "version" "7.16.7"
    dependencies:
      "@babel/helper-environment-visitor" "^7.16.7"
      "@babel/helper-module-imports" "^7.16.7"
      "@babel/helper-simple-access" "^7.16.7"
      "@babel/helper-split-export-declaration" "^7.16.7"
      "@babel/helper-validator-identifier" "^7.16.7"
      "@babel/template" "^7.16.7"
      "@babel/traverse" "^7.16.7"
      "@babel/types" "^7.16.7"
  
  "@babel/helper-plugin-utils@^7.16.7":
    "integrity" "sha512-Qg3Nk7ZxpgMrsox6HreY1ZNKdBq7K72tDSliA6dCl5f007jR4ne8iD5UzuNnCJH2xBf2BEEVGr+/OL6Gdp7RxA=="
    "resolved" "https://registry.npmmirror.com/@babel/helper-plugin-utils/-/helper-plugin-utils-7.16.7.tgz"
    "version" "7.16.7"
  
  "@babel/helper-simple-access@^7.16.7":
    "integrity" "sha512-ZIzHVyoeLMvXMN/vok/a4LWRy8G2v205mNP0XOuf9XRLyX5/u9CnVulUtDgUTama3lT+bf/UqucuZjqiGuTS1g=="
    "resolved" "https://registry.npmmirror.com/@babel/helper-simple-access/-/helper-simple-access-7.16.7.tgz"
    "version" "7.16.7"
    dependencies:
      "@babel/types" "^7.16.7"
  
  "@babel/helper-split-export-declaration@^7.16.7":
    "integrity" "sha512-xbWoy/PFoxSWazIToT9Sif+jJTlrMcndIsaOKvTA6u7QEo7ilkRZpjew18/W3c7nm8fXdUDXh02VXTbZ0pGDNw=="
    "resolved" "https://registry.npmmirror.com/@babel/helper-split-export-declaration/-/helper-split-export-declaration-7.16.7.tgz"
    "version" "7.16.7"
    dependencies:
      "@babel/types" "^7.16.7"
  
  "@babel/helper-validator-identifier@^7.16.7":
    "integrity" "sha512-hsEnFemeiW4D08A5gUAZxLBTXpZ39P+a+DGDsHw1yxqyQ/jzFEnxf5uTEGp+3bzAbNOxU1paTgYS4ECU/IgfDw=="
    "resolved" "https://registry.npmmirror.com/@babel/helper-validator-identifier/-/helper-validator-identifier-7.16.7.tgz"
    "version" "7.16.7"
  
  "@babel/helper-validator-option@^7.16.7":
    "integrity" "sha512-TRtenOuRUVo9oIQGPC5G9DgK4743cdxvtOw0weQNpZXaS16SCBi5MNjZF8vba3ETURjZpTbVn7Vvcf2eAwFozQ=="
    "resolved" "https://registry.npmmirror.com/@babel/helper-validator-option/-/helper-validator-option-7.16.7.tgz"
    "version" "7.16.7"
  
  "@babel/helpers@^7.17.0":
    "integrity" "sha512-Xe/9NFxjPwELUvW2dsukcMZIp6XwPSbI4ojFBJuX5ramHuVE22SVcZIwqzdWo5uCgeTXW8qV97lMvSOjq+1+nQ=="
    "resolved" "https://registry.npmmirror.com/@babel/helpers/-/helpers-7.17.0.tgz"
    "version" "7.17.0"
    dependencies:
      "@babel/template" "^7.16.7"
      "@babel/traverse" "^7.17.0"
      "@babel/types" "^7.17.0"
  
  "@babel/highlight@^7.16.7":
    "integrity" "sha512-5FnTQLSLswEj6IkgVw5KusNUUFY9ZGqe/TRFnP/BKYHYgfh7tc+C7mwiy95/yNP7Dh9x580Vv8r7u7ZfTBFxdw=="
    "resolved" "https://registry.npmmirror.com/@babel/highlight/-/highlight-7.16.10.tgz"
    "version" "7.16.10"
    dependencies:
      "@babel/helper-validator-identifier" "^7.16.7"
      "chalk" "^2.0.0"
      "js-tokens" "^4.0.0"
  
  "@babel/parser@^7.16.7", "@babel/parser@^7.17.0":
    "integrity" "sha512-VKXSCQx5D8S04ej+Dqsr1CzYvvWgf20jIw2D+YhQCrIlr2UZGaDds23Y0xg75/skOxpLCRpUZvk/1EAVkGoDOw=="
    "resolved" "https://registry.npmmirror.com/@babel/parser/-/parser-7.17.0.tgz"
    "version" "7.17.0"
  
  "@babel/plugin-syntax-jsx@^7.16.7":
    "integrity" "sha512-Esxmk7YjA8QysKeT3VhTXvF6y77f/a91SIs4pWb4H2eWGQkCKFgQaG6hdoEVZtGsrAcb2K5BW66XsOErD4WU3Q=="
    "resolved" "https://registry.npmmirror.com/@babel/plugin-syntax-jsx/-/plugin-syntax-jsx-7.16.7.tgz"
    "version" "7.16.7"
    dependencies:
      "@babel/helper-plugin-utils" "^7.16.7"
  
  "@babel/plugin-transform-react-jsx-development@^7.16.5":
    "integrity" "sha512-RMvQWvpla+xy6MlBpPlrKZCMRs2AGiHOGHY3xRwl0pEeim348dDyxeH4xBsMPbIMhujeq7ihE702eM2Ew0Wo+A=="
    "resolved" "https://registry.npmmirror.com/@babel/plugin-transform-react-jsx-development/-/plugin-transform-react-jsx-development-7.16.7.tgz"
    "version" "7.16.7"
    dependencies:
      "@babel/plugin-transform-react-jsx" "^7.16.7"
  
  "@babel/plugin-transform-react-jsx-self@^7.16.5":
    "integrity" "sha512-oe5VuWs7J9ilH3BCCApGoYjHoSO48vkjX2CbA5bFVhIuO2HKxA3vyF7rleA4o6/4rTDbk6r8hBW7Ul8E+UZrpA=="
    "resolved" "https://registry.npmmirror.com/@babel/plugin-transform-react-jsx-self/-/plugin-transform-react-jsx-self-7.16.7.tgz"
    "version" "7.16.7"
    dependencies:
      "@babel/helper-plugin-utils" "^7.16.7"
  
  "@babel/plugin-transform-react-jsx-source@^7.16.5":
    "integrity" "sha512-rONFiQz9vgbsnaMtQlZCjIRwhJvlrPET8TabIUK2hzlXw9B9s2Ieaxte1SCOOXMbWRHodbKixNf3BLcWVOQ8Bw=="
    "resolved" "https://registry.npmmirror.com/@babel/plugin-transform-react-jsx-source/-/plugin-transform-react-jsx-source-7.16.7.tgz"
    "version" "7.16.7"
    dependencies:
      "@babel/helper-plugin-utils" "^7.16.7"
  
  "@babel/plugin-transform-react-jsx@^7.16.5", "@babel/plugin-transform-react-jsx@^7.16.7":
    "integrity" "sha512-8D16ye66fxiE8m890w0BpPpngG9o9OVBBy0gH2E+2AR7qMR2ZpTYJEqLxAsoroenMId0p/wMW+Blc0meDgu0Ag=="
    "resolved" "https://registry.npmmirror.com/@babel/plugin-transform-react-jsx/-/plugin-transform-react-jsx-7.16.7.tgz"
    "version" "7.16.7"
    dependencies:
      "@babel/helper-annotate-as-pure" "^7.16.7"
      "@babel/helper-module-imports" "^7.16.7"
      "@babel/helper-plugin-utils" "^7.16.7"
      "@babel/plugin-syntax-jsx" "^7.16.7"
      "@babel/types" "^7.16.7"
  
  "@babel/runtime@^7.10.1", "@babel/runtime@^7.10.2", "@babel/runtime@^7.10.4", "@babel/runtime@^7.11.1", "@babel/runtime@^7.11.2", "@babel/runtime@^7.12.5", "@babel/runtime@^7.7.6", "@babel/runtime@^7.8.4":
    "integrity" "sha512-etcO/ohMNaNA2UBdaXBBSX/3aEzFMRrVfaPv8Ptc0k+cWpWW0QFiGZ2XnVqQZI1Cf734LbPGmqBKWESfW4x/dQ=="
    "resolved" "https://registry.npmmirror.com/@babel/runtime/-/runtime-7.17.0.tgz"
    "version" "7.17.0"
    dependencies:
      "regenerator-runtime" "^0.13.4"
  
  "@babel/template@^7.16.7":
    "integrity" "sha512-I8j/x8kHUrbYRTUxXrrMbfCa7jxkE7tZre39x3kjr9hvI82cK1FfqLygotcWN5kdPGWcLdWMHpSBavse5tWw3w=="
    "resolved" "https://registry.npmmirror.com/@babel/template/-/template-7.16.7.tgz"
    "version" "7.16.7"
    dependencies:
      "@babel/code-frame" "^7.16.7"
      "@babel/parser" "^7.16.7"
      "@babel/types" "^7.16.7"
  
  "@babel/traverse@^7.16.7", "@babel/traverse@^7.17.0":
    "integrity" "sha512-fpFIXvqD6kC7c7PUNnZ0Z8cQXlarCLtCUpt2S1Dx7PjoRtCFffvOkHHSom+m5HIxMZn5bIBVb71lhabcmjEsqg=="
    "resolved" "https://registry.npmmirror.com/@babel/traverse/-/traverse-7.17.0.tgz"
    "version" "7.17.0"
    dependencies:
      "@babel/code-frame" "^7.16.7"
      "@babel/generator" "^7.17.0"
      "@babel/helper-environment-visitor" "^7.16.7"
      "@babel/helper-function-name" "^7.16.7"
      "@babel/helper-hoist-variables" "^7.16.7"
      "@babel/helper-split-export-declaration" "^7.16.7"
      "@babel/parser" "^7.17.0"
      "@babel/types" "^7.17.0"
      "debug" "^4.1.0"
      "globals" "^11.1.0"
  
  "@babel/types@^7.16.7", "@babel/types@^7.17.0":
    "integrity" "sha512-TmKSNO4D5rzhL5bjWFcVHHLETzfQ/AmbKpKPOSjlP0WoHZ6L911fgoOKY4Alp/emzG4cHJdyN49zpgkbXFEHHw=="
    "resolved" "https://registry.npmmirror.com/@babel/types/-/types-7.17.0.tgz"
    "version" "7.17.0"
    dependencies:
      "@babel/helper-validator-identifier" "^7.16.7"
      "to-fast-properties" "^2.0.0"
  
  "@ctrl/tinycolor@^3.4.0":
    "integrity" "sha512-JZButFdZ1+/xAfpguQHoabIXkcqRRKpMrWKBkpEZZyxfY9C1DpADFB8PEqGSTeFr135SaTRfKqGKx5xSCLI7ZQ=="
    "resolved" "https://registry.npmmirror.com/@ctrl/tinycolor/-/tinycolor-3.4.0.tgz"
    "version" "3.4.0"
  
  "@jridgewell/resolve-uri@^3.0.3":
    "integrity" "sha512-cz8HFjOFfUBtvN+NXYSFMHYRdxZMaEl0XypVrhzxBgadKIXhIkRd8aMeHhmF56Sl7SuS8OnUpQ73/k9LE4VnLg=="
    "resolved" "https://registry.npmmirror.com/@jridgewell/resolve-uri/-/resolve-uri-3.0.4.tgz"
    "version" "3.0.4"
  
  "@jridgewell/trace-mapping@^0.2.2":
    "integrity" "sha512-rVJf5dSMEBxnDEwtAT5x8+p6tZ+xU6Ocm+cR1MYL2gMsRi4MMzVf9Pvq6JaxIsEeKAyYmo2U+yPQN4QfdTfFnA=="
    "resolved" "https://registry.npmmirror.com/@jridgewell/trace-mapping/-/trace-mapping-0.2.6.tgz"
    "version" "0.2.6"
    dependencies:
      "@jridgewell/resolve-uri" "^3.0.3"
      "sourcemap-codec" "1.4.8"
  
  "@rollup/pluginutils@^4.1.2":
    "integrity" "sha512-ROn4qvkxP9SyPeHaf7uQC/GPFY6L/OWy9+bd9AwcjOAWQwxRscoEyAUD8qCY5o5iL4jqQwoLk2kaTKJPb/HwzQ=="
    "resolved" "https://registry.npmmirror.com/@rollup/pluginutils/-/pluginutils-4.1.2.tgz"
    "version" "4.1.2"
    dependencies:
      "estree-walker" "^2.0.1"
      "picomatch" "^2.2.2"
  
  "@vitejs/plugin-react@^1.0.7":
    "integrity" "sha512-cMUBDonNY8PPeHWjIrYKbRn6bLSunh/Ixo2XLLBd3DM0uYBZft+c+04zkGhhN1lAwvoRKJ2FdtvhGhPgViHc6w=="
    "resolved" "https://registry.npmmirror.com/@vitejs/plugin-react/-/plugin-react-1.1.4.tgz"
    "version" "1.1.4"
    dependencies:
      "@babel/core" "^7.16.5"
      "@babel/plugin-transform-react-jsx" "^7.16.5"
      "@babel/plugin-transform-react-jsx-development" "^7.16.5"
      "@babel/plugin-transform-react-jsx-self" "^7.16.5"
      "@babel/plugin-transform-react-jsx-source" "^7.16.5"
      "@rollup/pluginutils" "^4.1.2"
      "react-refresh" "^0.11.0"
      "resolve" "^1.20.0"
  
  "ansi-styles@^3.2.1":
    "integrity" "sha512-VT0ZI6kZRdTh8YyJw3SMbYm/u+NqfsAxEpWO0Pf9sq8/e94WxxOpPKx9FR1FlyCtOVDNOQ+8ntlqFxiRc+r5qA=="
    "resolved" "https://registry.npmmirror.com/ansi-styles/-/ansi-styles-3.2.1.tgz"
    "version" "3.2.1"
    dependencies:
      "color-convert" "^1.9.0"
  
  "antd@^4.18.5":
    "integrity" "sha512-5fN3C2lWAzonhOYYlNpzIw2OHl7vxFZ+4cJ7DK/XZrV+75OY61Y+OkanqMJwrFtDDamIez35OM7cAezGko9tew=="
    "resolved" "https://registry.npmmirror.com/antd/-/antd-4.18.5.tgz"
    "version" "4.18.5"
    dependencies:
      "@ant-design/colors" "^6.0.0"
      "@ant-design/icons" "^4.7.0"
      "@ant-design/react-slick" "~0.28.1"
      "@babel/runtime" "^7.12.5"
      "@ctrl/tinycolor" "^3.4.0"
      "classnames" "^2.2.6"
      "copy-to-clipboard" "^3.2.0"
      "lodash" "^4.17.21"
      "memoize-one" "^6.0.0"
      "moment" "^2.25.3"
      "rc-cascader" "~3.2.1"
      "rc-checkbox" "~2.3.0"
      "rc-collapse" "~3.1.0"
      "rc-dialog" "~8.6.0"
      "rc-drawer" "~4.4.2"
      "rc-dropdown" "~3.2.0"
      "rc-field-form" "~1.22.0-2"
      "rc-image" "~5.2.5"
      "rc-input-number" "~7.3.0"
      "rc-mentions" "~1.6.1"
      "rc-menu" "~9.2.1"
      "rc-motion" "^2.4.4"
      "rc-notification" "~4.5.7"
      "rc-pagination" "~3.1.9"
      "rc-picker" "~2.5.17"
      "rc-progress" "~3.2.1"
      "rc-rate" "~2.9.0"
      "rc-resize-observer" "^1.2.0"
      "rc-select" "~14.0.0-alpha.15"
      "rc-slider" "~9.7.4"
      "rc-steps" "~4.1.0"
      "rc-switch" "~3.2.0"
      "rc-table" "~7.22.2"
      "rc-tabs" "~11.10.0"
      "rc-textarea" "~0.3.0"
      "rc-tooltip" "~5.1.1"
      "rc-tree" "~5.4.3"
      "rc-tree-select" "~5.1.1"
      "rc-trigger" "^5.2.10"
      "rc-upload" "~4.3.0"
      "rc-util" "^5.14.0"
      "scroll-into-view-if-needed" "^2.2.25"
  
  "array-tree-filter@^2.1.0":
    "integrity" "sha512-4ROwICNlNw/Hqa9v+rk5h22KjmzB1JGTMVKP2AKJBOCgb0yL0ASf0+YvCcLNNwquOHNX48jkeZIJ3a+oOQqKcw=="
    "resolved" "https://registry.npmmirror.com/array-tree-filter/-/array-tree-filter-2.1.0.tgz"
    "version" "2.1.0"
  
  "async-validator@^4.0.2":
    "integrity" "sha512-Pj2IR7u8hmUEDOwB++su6baaRi+QvsgajuFB9j95foM1N2gy5HM4z60hfusIO0fBPG5uLAEl6yCJr1jNSVugEQ=="
    "resolved" "https://registry.npmmirror.com/async-validator/-/async-validator-4.0.7.tgz"
    "version" "4.0.7"
  
  "axios@^0.25.0":
    "integrity" "sha512-cD8FOb0tRH3uuEe6+evtAbgJtfxr7ly3fQjYcMcuPlgkwVS9xboaVIpcDV+cYQe+yGykgwZCs1pzjntcGa6l5g=="
    "resolved" "https://registry.npmmirror.com/axios/-/axios-0.25.0.tgz"
    "version" "0.25.0"
    dependencies:
      "follow-redirects" "^1.14.7"
  
  "browserslist@^4.17.5":
    "integrity" "sha512-u2tbbG5PdKRTUoctO3NBD8FQ5HdPh1ZXPHzp1rwaa5jTc+RV9/+RlWiAIKmjRPQF+xbGM9Kklj5bZQFa2s/38A=="
    "resolved" "https://registry.npmmirror.com/browserslist/-/browserslist-4.19.1.tgz"
    "version" "4.19.1"
    dependencies:
      "caniuse-lite" "^1.0.30001286"
      "electron-to-chromium" "^1.4.17"
      "escalade" "^3.1.1"
      "node-releases" "^2.0.1"
      "picocolors" "^1.0.0"
  
  "caniuse-lite@^1.0.30001286":
    "integrity" "sha512-+MXEMczJ4FuxJAUp0jvAl6Df0NI/OfW1RWEE61eSmzS7hw6lz4IKutbhbXendwq8BljfFuHtu26VWsg4afQ7Ng=="
    "resolved" "https://registry.npmmirror.com/caniuse-lite/-/caniuse-lite-1.0.30001307.tgz"
    "version" "1.0.30001307"
  
  "chalk@^2.0.0":
    "integrity" "sha512-Mti+f9lpJNcwF4tWV8/OrTTtF1gZi+f8FqlyAdouralcFWFQWF2+NgCHShjkCb+IFBLq9buZwE1xckQU4peSuQ=="
    "resolved" "https://registry.npmmirror.com/chalk/-/chalk-2.4.2.tgz"
    "version" "2.4.2"
    dependencies:
      "ansi-styles" "^3.2.1"
      "escape-string-regexp" "^1.0.5"
      "supports-color" "^5.3.0"
  
  "classnames@^2.2.1", "classnames@^2.2.3", "classnames@^2.2.5", "classnames@^2.2.6", "classnames@^2.3.1", "classnames@2.x":
    "integrity" "sha512-OlQdbZ7gLfGarSqxesMesDa5uz7KFbID8Kpq/SxIoNGDqY8lSYs0D+hhtBXhcdB3rcbXArFr7vlHheLk1voeNA=="
    "resolved" "https://registry.npmmirror.com/classnames/-/classnames-2.3.1.tgz"
    "version" "2.3.1"
  
  "color-convert@^1.9.0":
    "integrity" "sha512-QfAUtd+vFdAtFQcC8CCyYt1fYWxSqAiK2cSD6zDB8N3cpsEBAvRxp9zOGg6G/SHHJYAT88/az/IuDGALsNVbGg=="
    "resolved" "https://registry.npmmirror.com/color-convert/-/color-convert-1.9.3.tgz"
    "version" "1.9.3"
    dependencies:
      "color-name" "1.1.3"
  
  "color-name@1.1.3":
    "integrity" "sha512-72fSenhMw2HZMTVHeCA9KCmpEIbzWiQsjN+BHcBbS9vr1mtt+vJjPdksIBNUmKAW8TFUDPJK5SUU3QhE9NEXDw=="
    "resolved" "https://registry.npmmirror.com/color-name/-/color-name-1.1.3.tgz"
    "version" "1.1.3"
  
  "commander@*":
    "integrity" "sha512-JJfP2saEKbQqvW+FI93OYUB4ByV5cizMpFMiiJI8xDbBvQvSkIk0VvQdn1CZ8mqAO8Loq2h0gYTYtDFUZUeERw=="
    "resolved" "https://registry.npmmirror.com/commander/-/commander-9.0.0.tgz"
    "version" "9.0.0"
  
  "compute-scroll-into-view@^1.0.17":
    "integrity" "sha512-j4dx+Fb0URmzbwwMUrhqWM2BEWHdFGx+qZ9qqASHRPqvTYdqvWnHg0H1hIbcyLnvgnoNAVMlwkepyqM3DaIFUg=="
    "resolved" "https://registry.npmmirror.com/compute-scroll-into-view/-/compute-scroll-into-view-1.0.17.tgz"
    "version" "1.0.17"
  
  "convert-source-map@^1.7.0":
    "integrity" "sha512-+OQdjP49zViI/6i7nIJpA8rAl4sV/JdPfU9nZs3VqOwGIgizICvuN2ru6fMd+4llL0tar18UYJXfZ/TWtmhUjA=="
    "resolved" "https://registry.npmmirror.com/convert-source-map/-/convert-source-map-1.8.0.tgz"
    "version" "1.8.0"
    dependencies:
      "safe-buffer" "~5.1.1"
  
  "copy-to-clipboard@^3.2.0":
    "integrity" "sha512-i13qo6kIHTTpCm8/Wup+0b1mVWETvu2kIMzKoK8FpkLkFxlt0znUAHcMzox+T8sPlqtZXq3CulEjQHsYiGFJUw=="
    "resolved" "https://registry.npmmirror.com/copy-to-clipboard/-/copy-to-clipboard-3.3.1.tgz"
    "version" "3.3.1"
    dependencies:
      "toggle-selection" "^1.0.6"
  
  "date-fns@2.x":
    "integrity" "sha512-8d35hViGYx/QH0icHYCeLmsLmMUheMmTyV9Fcm6gvNwdw31yXXH+O85sOBJ+OLnLQMKZowvpKb6FgMIQjcpvQw=="
    "resolved" "https://registry.npmmirror.com/date-fns/-/date-fns-2.28.0.tgz"
    "version" "2.28.0"
  
  "dayjs@1.x":
    "integrity" "sha512-P6twpd70BcPK34K26uJ1KT3wlhpuOAPoMwJzpsIWUxHZ7wpmbdZL/hQqBDfz7hGurYSa5PhzdhDHtt319hL3ig=="
    "resolved" "https://registry.npmmirror.com/dayjs/-/dayjs-1.10.7.tgz"
    "version" "1.10.7"
  
  "debug@^4.1.0":
    "integrity" "sha512-/zxw5+vh1Tfv+4Qn7a5nsbcJKPaSvCDhojn6FEl9vupwK2VCSDtEiEtqr8DFtzYFOdz63LBkxec7DYuc2jon6Q=="
    "resolved" "https://registry.npmmirror.com/debug/-/debug-4.3.3.tgz"
    "version" "4.3.3"
    dependencies:
      "ms" "2.1.2"
  
  "dom-align@^1.7.0":
    "integrity" "sha512-pHuazgqrsTFrGU2WLDdXxCFabkdQDx72ddkraZNih1KsMcN5qsRSTR9O4VJRlwTPCPb5COYg3LOfiMHHcPInHg=="
    "resolved" "https://registry.npmmirror.com/dom-align/-/dom-align-1.12.2.tgz"
    "version" "1.12.2"
  
  "electron-to-chromium@^1.4.17":
    "integrity" "sha512-8mec/99xgLUZCIZZq3wt61Tpxg55jnOSpxGYapE/1Ma9MpFEYYaz4QNYm0CM1rrnCo7i3FRHhbaWjeCLsveGjQ=="
    "resolved" "https://registry.npmmirror.com/electron-to-chromium/-/electron-to-chromium-1.4.64.tgz"
    "version" "1.4.64"
  
  "es6-promise@^4.2.8":
    "integrity" "sha512-HJDGx5daxeIvxdBxvG2cb9g4tEvwIk3i8+nhX0yGrYmZUzbkdg8QbDevheDB8gd0//uPj4c1EQua8Q+MViT0/w=="
    "resolved" "https://registry.npmmirror.com/es6-promise/-/es6-promise-4.2.8.tgz"
    "version" "4.2.8"
  
  "esbuild-windows-64@0.13.15":
    "integrity" "sha512-9aMsPRGDWCd3bGjUIKG/ZOJPKsiztlxl/Q3C1XDswO6eNX/Jtwu4M+jb6YDH9hRSUflQWX0XKAfWzgy5Wk54JQ=="
    "resolved" "https://registry.npmmirror.com/esbuild-windows-64/-/esbuild-windows-64-0.13.15.tgz"
    "version" "0.13.15"
  
  "esbuild@^0.13.12":
    "integrity" "sha512-raCxt02HBKv8RJxE8vkTSCXGIyKHdEdGfUmiYb8wnabnaEmHzyW7DCHb5tEN0xU8ryqg5xw54mcwnYkC4x3AIw=="
    "resolved" "https://registry.npmmirror.com/esbuild/-/esbuild-0.13.15.tgz"
    "version" "0.13.15"
    optionalDependencies:
      "esbuild-android-arm64" "0.13.15"
      "esbuild-darwin-64" "0.13.15"
      "esbuild-darwin-arm64" "0.13.15"
      "esbuild-freebsd-64" "0.13.15"
      "esbuild-freebsd-arm64" "0.13.15"
      "esbuild-linux-32" "0.13.15"
      "esbuild-linux-64" "0.13.15"
      "esbuild-linux-arm" "0.13.15"
      "esbuild-linux-arm64" "0.13.15"
      "esbuild-linux-mips64le" "0.13.15"
      "esbuild-linux-ppc64le" "0.13.15"
      "esbuild-netbsd-64" "0.13.15"
      "esbuild-openbsd-64" "0.13.15"
      "esbuild-sunos-64" "0.13.15"
      "esbuild-windows-32" "0.13.15"
      "esbuild-windows-64" "0.13.15"
      "esbuild-windows-arm64" "0.13.15"
  
  "escalade@^3.1.1":
    "integrity" "sha512-k0er2gUkLf8O0zKJiAhmkTnJlTvINGv7ygDNPbeIsX/TJjGJZHuh9B2UxbsaEkmlEo9MfhrSzmhIlhRlI2GXnw=="
    "resolved" "https://registry.npmmirror.com/escalade/-/escalade-3.1.1.tgz"
    "version" "3.1.1"
  
  "escape-string-regexp@^1.0.5":
    "integrity" "sha512-vbRorB5FUQWvla16U8R/qgaFIya2qGzwDrNmCZuYKrbdSUMG6I1ZCGQRefkRVhuOkIGVne7BQ35DSfo1qvJqFg=="
    "resolved" "https://registry.npmmirror.com/escape-string-regexp/-/escape-string-regexp-1.0.5.tgz"
    "version" "1.0.5"
  
  "estree-walker@^2.0.1":
    "integrity" "sha512-Rfkk/Mp/DL7JVje3u18FxFujQlTNR2q6QfMSMB7AvCBx91NGj/ba3kCfza0f6dVDbw7YlRf/nDrn7pQrCCyQ/w=="
    "resolved" "https://registry.npmmirror.com/estree-walker/-/estree-walker-2.0.2.tgz"
    "version" "2.0.2"
  
  "flv.js@^1.6.2":
    "integrity" "sha512-xre4gUbX1MPtgQRKj2pxJENp/RnaHaxYvy3YToVVCrSmAWUu85b9mug6pTXF6zakUjNP2lFWZ1rkSX7gxhB/2A=="
    "resolved" "https://registry.npmmirror.com/flv.js/-/flv.js-1.6.2.tgz"
    "version" "1.6.2"
    dependencies:
      "es6-promise" "^4.2.8"
      "webworkify-webpack" "^2.1.5"
  
  "follow-redirects@^1.14.7":
    "integrity" "sha512-+hbxoLbFMbRKDwohX8GkTataGqO6Jb7jGwpAlwgy2bIz25XtRm7KEzJM76R1WiNT5SwZkX4Y75SwBolkpmE7iQ=="
    "resolved" "https://registry.npmmirror.com/follow-redirects/-/follow-redirects-1.14.7.tgz"
    "version" "1.14.7"
  
  "function-bind@^1.1.1":
    "integrity" "sha512-yIovAzMX49sF8Yl58fSCWJ5svSLuaibPxXQJFLmBObTuCr0Mf1KiPopGM9NiFjiYBCbfaa2Fh6breQ6ANVTI0A=="
    "resolved" "https://registry.npmmirror.com/function-bind/-/function-bind-1.1.1.tgz"
    "version" "1.1.1"
  
  "gensync@^1.0.0-beta.2":
    "integrity" "sha512-3hN7NaskYvMDLQY55gnW3NQ+mesEAepTqlg+VEbj7zzqEMBVNhzcGYYeqFo/TlYz6eQiFcp1HcsCZO+nGgS8zg=="
    "resolved" "https://registry.npmmirror.com/gensync/-/gensync-1.0.0-beta.2.tgz"
    "version" "1.0.0-beta.2"
  
  "globals@^11.1.0":
    "integrity" "sha512-WOBp/EEGUiIsJSp7wcv/y6MO+lV9UoncWqxuFfm8eBwzWNgyfBd6Gz+IeKQ9jCmyhoH99g15M3T+QaVHFjizVA=="
    "resolved" "https://registry.npmmirror.com/globals/-/globals-11.12.0.tgz"
    "version" "11.12.0"
  
  "has-flag@^3.0.0":
    "integrity" "sha512-sKJf1+ceQBr4SMkvQnBDNDtf4TXpVhVGateu0t918bl30FnbE2m4vNLX+VWe/dpjlb+HugGYzW7uQXH98HPEYw=="
    "resolved" "https://registry.npmmirror.com/has-flag/-/has-flag-3.0.0.tgz"
    "version" "3.0.0"
  
  "has@^1.0.3":
    "integrity" "sha512-f2dvO0VU6Oej7RkWJGrehjbzMAjFp5/VKPp5tTpWIV4JHHZK1/BxbFRtf/siA2SWTe09caDmVtYYzWEIbBS4zw=="
    "resolved" "https://registry.npmmirror.com/has/-/has-1.0.3.tgz"
    "version" "1.0.3"
    dependencies:
      "function-bind" "^1.1.1"
  
  "history@^5.2.0":
    "integrity" "sha512-uPSF6lAJb3nSePJ43hN3eKj1dTWpN9gMod0ZssbFTIsen+WehTmEadgL+kg78xLJFdRfrrC//SavDzmRVdE+Ig=="
    "resolved" "https://registry.npmmirror.com/history/-/history-5.2.0.tgz"
    "version" "5.2.0"
    dependencies:
      "@babel/runtime" "^7.7.6"
  
  "is-core-module@^2.8.1":
    "integrity" "sha512-SdNCUs284hr40hFTFP6l0IfZ/RSrMXF3qgoRHd3/79unUTvrFO/JoXwkGm+5J/Oe3E/b5GsnG330uUNgRpu1PA=="
    "resolved" "https://registry.npmmirror.com/is-core-module/-/is-core-module-2.8.1.tgz"
    "version" "2.8.1"
    dependencies:
      "has" "^1.0.3"
  
  "js-tokens@^3.0.0 || ^4.0.0", "js-tokens@^4.0.0":
    "integrity" "sha512-RdJUflcE3cUzKiMqQgsCu06FPu9UdIJO0beYbPhHN4k6apgJtifcoCtT9bcxOpYBtpD2kCM6Sbzg4CausW/PKQ=="
    "resolved" "https://registry.npmmirror.com/js-tokens/-/js-tokens-4.0.0.tgz"
    "version" "4.0.0"
  
  "jsesc@^2.5.1":
    "integrity" "sha512-OYu7XEzjkCQ3C5Ps3QIZsQfNpqoJyZZA99wd9aWd05NCtC5pWOkShK2mkL6HXQR6/Cy2lbNdPlZBpuQHXE63gA=="
    "resolved" "https://registry.npmmirror.com/jsesc/-/jsesc-2.5.2.tgz"
    "version" "2.5.2"
  
  "json2mq@^0.2.0":
    "integrity" "sha512-SzoRg7ux5DWTII9J2qkrZrqV1gt+rTaoufMxEzXbS26Uid0NwaJd123HcoB80TgubEppxxIGdNxCx50fEoEWQA=="
    "resolved" "https://registry.npmmirror.com/json2mq/-/json2mq-0.2.0.tgz"
    "version" "0.2.0"
    dependencies:
      "string-convert" "^0.2.0"
  
  "json5@^2.1.2":
    "integrity" "sha512-f+8cldu7X/y7RAJurMEJmdoKXGB/X550w2Nr3tTbezL6RwEE/iMcm+tZnXeoZtKuOq6ft8+CqzEkrIgx1fPoQA=="
    "resolved" "https://registry.npmmirror.com/json5/-/json5-2.2.0.tgz"
    "version" "2.2.0"
    dependencies:
      "minimist" "^1.2.5"
  
  "lodash@^4.17.21":
    "integrity" "sha512-v2kDEe57lecTulaDIuNTPy3Ry4gLGJ6Z1O3vE1krgXZNrsQ+LFTGHVxVjcXPs17LhbZVGedAJv8XZ1tvj5FvSg=="
    "resolved" "https://registry.npmmirror.com/lodash/-/lodash-4.17.21.tgz"
    "version" "4.17.21"
  
  "loose-envify@^1.1.0":
    "integrity" "sha512-lyuxPGr/Wfhrlem2CL/UcnUc1zcqKAImBDzukY7Y5F/yQiNdko6+fRLevlw1HgMySw7f611UIY408EtxRSoK3Q=="
    "resolved" "https://registry.npmmirror.com/loose-envify/-/loose-envify-1.4.0.tgz"
    "version" "1.4.0"
    dependencies:
      "js-tokens" "^3.0.0 || ^4.0.0"
  
  "memoize-one@^6.0.0":
    "integrity" "sha512-rkpe71W0N0c0Xz6QD0eJETuWAJGnJ9afsl1srmwPrI+yBCkge5EycXXbYRyvL29zZVUWQCY7InPRCv3GDXuZNw=="
    "resolved" "https://registry.npmmirror.com/memoize-one/-/memoize-one-6.0.0.tgz"
    "version" "6.0.0"
  
  "minimist@^1.2.5":
    "integrity" "sha512-FM9nNUYrRBAELZQT3xeZQ7fmMOBg6nWNmJKTcgsJeaLstP/UODVpGsr5OhXhhXg6f+qtJ8uiZ+PUxkDWcgIXLw=="
    "resolved" "https://registry.npmmirror.com/minimist/-/minimist-1.2.5.tgz"
    "version" "1.2.5"
  
  "mockjs@^1.1.0":
    "integrity" "sha512-eQsKcWzIaZzEZ07NuEyO4Nw65g0hdWAyurVol1IPl1gahRwY+svqzfgfey8U8dahLwG44d6/RwEzuK52rSa/JQ=="
    "resolved" "https://registry.npmmirror.com/mockjs/-/mockjs-1.1.0.tgz"
    "version" "1.1.0"
    dependencies:
      "commander" "*"
  
  "moment@^2.24.0", "moment@^2.25.3":
    "integrity" "sha512-kHmoybcPV8Sqy59DwNDY3Jefr64lK/by/da0ViFcuA4DH0vQg5Q6Ze5VimxkfQNSC+Mls/Kx53s7TjP1RhFEDQ=="
    "resolved" "https://registry.npmmirror.com/moment/-/moment-2.29.1.tgz"
    "version" "2.29.1"
  
  "ms@2.1.2":
    "integrity" "sha512-sGkPx+VjMtmA6MX27oA4FBFELFCZZ4S4XqeGOXCv68tT+jb3vk/RyaKWP0PTKyWtmLSM0b+adUTEvbs1PEaH2w=="
    "resolved" "https://registry.npmmirror.com/ms/-/ms-2.1.2.tgz"
    "version" "2.1.2"
  
  "nanoid@^3.2.0":
    "integrity" "sha512-fmsZYa9lpn69Ad5eDn7FMcnnSR+8R34W9qJEijxYhTbfOWzr22n1QxCMzXLK+ODyW2973V3Fux959iQoUxzUIA=="
    "resolved" "https://registry.npmmirror.com/nanoid/-/nanoid-3.2.0.tgz"
    "version" "3.2.0"
  
  "node-releases@^2.0.1":
    "integrity" "sha512-CqyzN6z7Q6aMeF/ktcMVTzhAHCEpf8SOarwpzpf8pNBY2k5/oM34UHldUwp8VKI7uxct2HxSRdJjBaZeESzcxA=="
    "resolved" "https://registry.npmmirror.com/node-releases/-/node-releases-2.0.1.tgz"
    "version" "2.0.1"
  
  "object-assign@^4.1.1":
    "integrity" "sha512-rJgTQnkUnH1sFw8yT6VSU3zD3sWmu6sZhIseY8VX+GRu3P6F7Fu+JNDoXfklElbLJSnc3FUQHVe4cU5hj+BcUg=="
    "resolved" "https://registry.npmmirror.com/object-assign/-/object-assign-4.1.1.tgz"
    "version" "4.1.1"
  
  "path-parse@^1.0.7":
    "integrity" "sha512-LDJzPVEEEPR+y48z93A0Ed0yXb8pAByGWo/k5YYdYgpY2/2EsOsksJrq7lOHxryrVOn1ejG6oAp8ahvOIQD8sw=="
    "resolved" "https://registry.npmmirror.com/path-parse/-/path-parse-1.0.7.tgz"
    "version" "1.0.7"
  
  "picocolors@^1.0.0":
    "integrity" "sha512-1fygroTLlHu66zi26VoTDv8yRgm0Fccecssto+MhsZ0D/DGW2sm8E8AjW7NU5VVTRt5GxbeZ5qBuJr+HyLYkjQ=="
    "resolved" "https://registry.npmmirror.com/picocolors/-/picocolors-1.0.0.tgz"
    "version" "1.0.0"
  
  "picomatch@^2.2.2":
    "integrity" "sha512-JU3teHTNjmE2VCGFzuY8EXzCDVwEqB2a8fsIvwaStHhAWJEeVd1o1QD80CU6+ZdEXXSLbSsuLwJjkCBWqRQUVA=="
    "resolved" "https://registry.npmmirror.com/picomatch/-/picomatch-2.3.1.tgz"
    "version" "2.3.1"
  
  "postcss@^8.4.5":
    "integrity" "sha512-OovjwIzs9Te46vlEx7+uXB0PLijpwjXGKXjVGGPIGubGpq7uh5Xgf6D6FiJ/SzJMBosHDp6a2hiXOS97iBXcaA=="
    "resolved" "https://registry.npmmirror.com/postcss/-/postcss-8.4.6.tgz"
    "version" "8.4.6"
    dependencies:
      "nanoid" "^3.2.0"
      "picocolors" "^1.0.0"
      "source-map-js" "^1.0.2"
  
  "rc-align@^4.0.0":
    "integrity" "sha512-n9mQfIYQbbNTbefyQnRHZPWuTEwG1rY4a9yKlIWHSTbgwI+XUMGRYd0uJ5pE2UbrNX0WvnMBA1zJ3Lrecpra/A=="
    "resolved" "https://registry.npmmirror.com/rc-align/-/rc-align-4.0.11.tgz"
    "version" "4.0.11"
    dependencies:
      "@babel/runtime" "^7.10.1"
      "classnames" "2.x"
      "dom-align" "^1.7.0"
      "lodash" "^4.17.21"
      "rc-util" "^5.3.0"
      "resize-observer-polyfill" "^1.5.1"
  
  "rc-cascader@~3.2.1":
    "integrity" "sha512-Raxam9tFzBL4TCgHoyVcf7+Q2KSFneUk3FZXi9w1tfxEihLlezSH0oCNMjHJN8hxWwwx9ZbI9UzWTfFImjXc0Q=="
    "resolved" "https://registry.npmmirror.com/rc-cascader/-/rc-cascader-3.2.1.tgz"
    "version" "3.2.1"
    dependencies:
      "@babel/runtime" "^7.12.5"
      "array-tree-filter" "^2.1.0"
      "classnames" "^2.3.1"
      "rc-select" "~14.0.0-alpha.23"
      "rc-tree" "~5.4.3"
      "rc-util" "^5.6.1"
  
  "rc-checkbox@~2.3.0":
    "integrity" "sha512-afVi1FYiGv1U0JlpNH/UaEXdh6WUJjcWokj/nUN2TgG80bfG+MDdbfHKlLcNNba94mbjy2/SXJ1HDgrOkXGAjg=="
    "resolved" "https://registry.npmmirror.com/rc-checkbox/-/rc-checkbox-2.3.2.tgz"
    "version" "2.3.2"
    dependencies:
      "@babel/runtime" "^7.10.1"
      "classnames" "^2.2.1"
  
  "rc-collapse@~3.1.0":
    "integrity" "sha512-HujcKq7mghk/gVKeI6EjzTbb8e19XUZpakrYazu1MblEZ3Hu3WBMSN4A3QmvbF6n1g7x6lUlZvsHZ5shABWYOQ=="
    "resolved" "https://registry.npmmirror.com/rc-collapse/-/rc-collapse-3.1.2.tgz"
    "version" "3.1.2"
    dependencies:
      "@babel/runtime" "^7.10.1"
      "classnames" "2.x"
      "rc-motion" "^2.3.4"
      "rc-util" "^5.2.1"
      "shallowequal" "^1.1.0"
  
  "rc-dialog@~8.6.0":
    "integrity" "sha512-GSbkfqjqxpZC5/zc+8H332+q5l/DKUhpQr0vdX2uDsxo5K0PhvaMEVjyoJUTkZ3+JstEADQji1PVLVb/2bJeOQ=="
    "resolved" "https://registry.npmmirror.com/rc-dialog/-/rc-dialog-8.6.0.tgz"
    "version" "8.6.0"
    dependencies:
      "@babel/runtime" "^7.10.1"
      "classnames" "^2.2.6"
      "rc-motion" "^2.3.0"
      "rc-util" "^5.6.1"
  
  "rc-drawer@~4.4.2":
    "integrity" "sha512-FYztwRs3uXnFOIf1hLvFxIQP9MiZJA+0w+Os8dfDh/90X7z/HqP/Yg+noLCIeHEbKln1Tqelv8ymCAN24zPcfQ=="
    "resolved" "https://registry.npmmirror.com/rc-drawer/-/rc-drawer-4.4.3.tgz"
    "version" "4.4.3"
    dependencies:
      "@babel/runtime" "^7.10.1"
      "classnames" "^2.2.6"
      "rc-util" "^5.7.0"
  
  "rc-dropdown@^3.2.0":
    "integrity" "sha512-UvNfeqpaNFbCyMUN4m0r+EPqXQgcwVSA4R4Gt4cs/MzIAIK0X6v0WNfwzlmvrwAY8lzY+zn9qakhehHnD87NCA=="
    "resolved" "https://registry.npmmirror.com/rc-dropdown/-/rc-dropdown-3.3.0.tgz"
    "version" "3.3.0"
    dependencies:
      "@babel/runtime" "^7.10.1"
      "classnames" "^2.2.6"
      "rc-trigger" "^5.0.4"
  
  "rc-dropdown@~3.2.0":
    "integrity" "sha512-dVO2eulOSbEf+F4OyhCY5iGiMVhUYY/qeXxL7Ex2jDBt/xc89jU07mNoowV6aWxwVOc70pxEINff0oM2ogjluA=="
    "resolved" "https://registry.npmmirror.com/rc-dropdown/-/rc-dropdown-3.2.5.tgz"
    "version" "3.2.5"
    dependencies:
      "@babel/runtime" "^7.10.1"
      "classnames" "^2.2.6"
      "rc-trigger" "^5.0.4"
  
  "rc-field-form@~1.22.0-2":
    "integrity" "sha512-LweU7nBeqmC5r3HDUjRprcOXXobHXp/TGIxD7ppBq5FX6Iptt3ibdpRVg4RSyNulBNGHOuknHlRcguuIpvVMVg=="
    "resolved" "https://registry.npmmirror.com/rc-field-form/-/rc-field-form-1.22.1.tgz"
    "version" "1.22.1"
    dependencies:
      "@babel/runtime" "^7.8.4"
      "async-validator" "^4.0.2"
      "rc-util" "^5.8.0"
  
  "rc-image@~5.2.5":
    "integrity" "sha512-qUfZjYIODxO0c8a8P5GeuclYXZjzW4hV/5hyo27XqSFo1DmTCs2HkVeQObkcIk5kNsJtgsj1KoPThVsSc/PXOw=="
    "resolved" "https://registry.npmmirror.com/rc-image/-/rc-image-5.2.5.tgz"
    "version" "5.2.5"
    dependencies:
      "@babel/runtime" "^7.11.2"
      "classnames" "^2.2.6"
      "rc-dialog" "~8.6.0"
      "rc-util" "^5.0.6"
  
  "rc-input-number@~7.3.0":
    "integrity" "sha512-W9uqSzuvJUnz8H8vsVY4kx+yK51SsAxNTwr8SNH4G3XqQNocLVmKIibKFRjocnYX1RDHMND9FFbgj2h7E7nvGA=="
    "resolved" "https://registry.npmmirror.com/rc-input-number/-/rc-input-number-7.3.4.tgz"
    "version" "7.3.4"
    dependencies:
      "@babel/runtime" "^7.10.1"
      "classnames" "^2.2.5"
      "rc-util" "^5.9.8"
  
  "rc-mentions@~1.6.1":
    "integrity" "sha512-LDzGI8jJVGnkhpTZxZuYBhMz3avcZZqPGejikchh97xPni/g4ht714Flh7DVvuzHQ+BoKHhIjobHnw1rcP8erg=="
    "resolved" "https://registry.npmmirror.com/rc-mentions/-/rc-mentions-1.6.1.tgz"
    "version" "1.6.1"
    dependencies:
      "@babel/runtime" "^7.10.1"
      "classnames" "^2.2.6"
      "rc-menu" "^9.0.0"
      "rc-textarea" "^0.3.0"
      "rc-trigger" "^5.0.4"
      "rc-util" "^5.0.1"
  
  "rc-menu@^9.0.0":
    "integrity" "sha512-h3m45oY1INZyqphGELkdT0uiPnFzxkML8m0VMhJnk2fowtqfiT7F5tJLT3znEVaPIY80vMy1bClCkgq8U91CzQ=="
    "resolved" "https://registry.npmmirror.com/rc-menu/-/rc-menu-9.3.2.tgz"
    "version" "9.3.2"
    dependencies:
      "@babel/runtime" "^7.10.1"
      "classnames" "2.x"
      "rc-motion" "^2.4.3"
      "rc-overflow" "^1.2.0"
      "rc-trigger" "^5.1.2"
      "rc-util" "^5.12.0"
      "shallowequal" "^1.1.0"
  
  "rc-menu@~9.2.1":
    "integrity" "sha512-UbEtn3rflJ8zS+etYGTVQuzy7Fm+yWXR5c0Rl6ecNTS/dPknRyWAyhJcbeR0Hu1+RdQT+0VCqrUPrgKnm4iY+w=="
    "resolved" "https://registry.npmmirror.com/rc-menu/-/rc-menu-9.2.1.tgz"
    "version" "9.2.1"
    dependencies:
      "@babel/runtime" "^7.10.1"
      "classnames" "2.x"
      "rc-motion" "^2.4.3"
      "rc-overflow" "^1.2.0"
      "rc-trigger" "^5.1.2"
      "rc-util" "^5.12.0"
      "shallowequal" "^1.1.0"
  
  "rc-motion@^2.0.0", "rc-motion@^2.0.1", "rc-motion@^2.2.0", "rc-motion@^2.3.0", "rc-motion@^2.3.4", "rc-motion@^2.4.3", "rc-motion@^2.4.4":
    "integrity" "sha512-ms7n1+/TZQBS0Ydd2Q5P4+wJTSOrhIrwNxLXCZpR7Fa3/oac7Yi803HDALc2hLAKaCTQtw9LmQeB58zcwOsqlQ=="
    "resolved" "https://registry.npmmirror.com/rc-motion/-/rc-motion-2.4.4.tgz"
    "version" "2.4.4"
    dependencies:
      "@babel/runtime" "^7.11.1"
      "classnames" "^2.2.1"
      "rc-util" "^5.2.1"
  
  "rc-notification@~4.5.7":
    "integrity" "sha512-zhTGUjBIItbx96SiRu3KVURcLOydLUHZCPpYEn1zvh+re//Tnq/wSxN4FKgp38n4HOgHSVxcLEeSxBMTeBBDdw=="
    "resolved" "https://registry.npmmirror.com/rc-notification/-/rc-notification-4.5.7.tgz"
    "version" "4.5.7"
    dependencies:
      "@babel/runtime" "^7.10.1"
      "classnames" "2.x"
      "rc-motion" "^2.2.0"
      "rc-util" "^5.0.1"
  
  "rc-overflow@^1.0.0", "rc-overflow@^1.2.0":
    "integrity" "sha512-X5kj9LDU1ue5wHkqvCprJWLKC+ZLs3p4He/oxjZ1Q4NKaqKBaYf5OdSzRSgh3WH8kSdrfU8LjvlbWnHgJOEkNQ=="
    "resolved" "https://registry.npmmirror.com/rc-overflow/-/rc-overflow-1.2.2.tgz"
    "version" "1.2.2"
    dependencies:
      "@babel/runtime" "^7.11.1"
      "classnames" "^2.2.1"
      "rc-resize-observer" "^1.0.0"
      "rc-util" "^5.5.1"
  
  "rc-pagination@~3.1.9":
    "integrity" "sha512-4L3fot8g4E+PjWEgoVGX0noFCg+8ZFZmeLH4vsnZpB3O2T2zThtakjNxG+YvSaYtyMVT4B+GLayjKrKbXQpdAg=="
    "resolved" "https://registry.npmmirror.com/rc-pagination/-/rc-pagination-3.1.15.tgz"
    "version" "3.1.15"
    dependencies:
      "@babel/runtime" "^7.10.1"
      "classnames" "^2.2.1"
  
  "rc-picker@~2.5.17":
    "integrity" "sha512-u6myoCu/qiQ0vLbNzSzNrzTQhs7mldArCpPHrEI6OUiifs+IPXmbesqSm0zilJjfzrZJLgYeyyOMSznSlh0GKA=="
    "resolved" "https://registry.npmmirror.com/rc-picker/-/rc-picker-2.5.19.tgz"
    "version" "2.5.19"
    dependencies:
      "@babel/runtime" "^7.10.1"
      "classnames" "^2.2.1"
      "date-fns" "2.x"
      "dayjs" "1.x"
      "moment" "^2.24.0"
      "rc-trigger" "^5.0.4"
      "rc-util" "^5.4.0"
      "shallowequal" "^1.1.0"
  
  "rc-progress@~3.2.1":
    "integrity" "sha512-M9WWutRaoVkPUPIrTpRIDpX0SPSrVHzxHdCRCbeoBFrd9UFWTYNWRlHsruJM5FH1AZI+BwB4wOJUNNylg/uFSw=="
    "resolved" "https://registry.npmmirror.com/rc-progress/-/rc-progress-3.2.4.tgz"
    "version" "3.2.4"
    dependencies:
      "@babel/runtime" "^7.10.1"
      "classnames" "^2.2.6"
      "rc-util" "^5.16.1"
  
  "rc-rate@~2.9.0":
    "integrity" "sha512-MmIU7FT8W4LYRRHJD1sgG366qKtSaKb67D0/vVvJYR0lrCuRrCiVQ5qhfT5ghVO4wuVIORGpZs7ZKaYu+KMUzA=="
    "resolved" "https://registry.npmmirror.com/rc-rate/-/rc-rate-2.9.1.tgz"
    "version" "2.9.1"
    dependencies:
      "@babel/runtime" "^7.10.1"
      "classnames" "^2.2.5"
      "rc-util" "^5.0.1"
  
  "rc-resize-observer@^1.0.0", "rc-resize-observer@^1.1.0", "rc-resize-observer@^1.2.0":
    "integrity" "sha512-6W+UzT3PyDM0wVCEHfoW3qTHPTvbdSgiA43buiy8PzmeMnfgnDeb9NjdimMXMl3/TcrvvWl5RRVdp+NqcR47pQ=="
    "resolved" "https://registry.npmmirror.com/rc-resize-observer/-/rc-resize-observer-1.2.0.tgz"
    "version" "1.2.0"
    dependencies:
      "@babel/runtime" "^7.10.1"
      "classnames" "^2.2.1"
      "rc-util" "^5.15.0"
      "resize-observer-polyfill" "^1.5.1"
  
  "rc-select@~14.0.0-alpha.15", "rc-select@~14.0.0-alpha.23", "rc-select@~14.0.0-alpha.8":
    "integrity" "sha512-U9AMzXsOCCdtn96YIZdUrYbxk+5u6uWUCaYH2129X3FTjQITqAjEPYHfPcxU/G7+lwiD0pIaU95W0NMkg+26qw=="
    "resolved" "https://registry.npmmirror.com/rc-select/-/rc-select-14.0.0-alpha.25.tgz"
    "version" "14.0.0-alpha.25"
    dependencies:
      "@babel/runtime" "^7.10.1"
      "classnames" "2.x"
      "rc-motion" "^2.0.1"
      "rc-overflow" "^1.0.0"
      "rc-trigger" "^5.0.4"
      "rc-util" "^5.16.1"
      "rc-virtual-list" "^3.2.0"
  
  "rc-slider@~9.7.4":
    "integrity" "sha512-LV/MWcXFjco1epPbdw1JlLXlTgmWpB9/Y/P2yinf8Pg3wElHxA9uajN21lJiWtZjf5SCUekfSP6QMJfDo4t1hg=="
    "resolved" "https://registry.npmmirror.com/rc-slider/-/rc-slider-9.7.5.tgz"
    "version" "9.7.5"
    dependencies:
      "@babel/runtime" "^7.10.1"
      "classnames" "^2.2.5"
      "rc-tooltip" "^5.0.1"
      "rc-util" "^5.16.1"
      "shallowequal" "^1.1.0"
  
  "rc-steps@~4.1.0":
    "integrity" "sha512-qoCqKZWSpkh/b03ASGx1WhpKnuZcRWmvuW+ZUu4mvMdfvFzVxblTwUM+9aBd0mlEUFmt6GW8FXhMpHkK3Uzp3w=="
    "resolved" "https://registry.npmmirror.com/rc-steps/-/rc-steps-4.1.4.tgz"
    "version" "4.1.4"
    dependencies:
      "@babel/runtime" "^7.10.2"
      "classnames" "^2.2.3"
      "rc-util" "^5.0.1"
  
  "rc-switch@~3.2.0":
    "integrity" "sha512-+gUJClsZZzvAHGy1vZfnwySxj+MjLlGRyXKXScrtCTcmiYNPzxDFOxdQ/3pK1Kt/0POvwJ/6ALOR8gwdXGhs+A=="
    "resolved" "https://registry.npmmirror.com/rc-switch/-/rc-switch-3.2.2.tgz"
    "version" "3.2.2"
    dependencies:
      "@babel/runtime" "^7.10.1"
      "classnames" "^2.2.1"
      "rc-util" "^5.0.1"
  
  "rc-table@~7.22.2":
    "integrity" "sha512-Ng2gNkGi6ybl6dzneRn2H4Gp8XhIbRa5rXQ7ZhZcgWVmfVMok70UHGPXcf68tXW6O0/qckTf/eOVsoviSvK4sw=="
    "resolved" "https://registry.npmmirror.com/rc-table/-/rc-table-7.22.2.tgz"
    "version" "7.22.2"
    dependencies:
      "@babel/runtime" "^7.10.1"
      "classnames" "^2.2.5"
      "rc-resize-observer" "^1.1.0"
      "rc-util" "^5.14.0"
      "shallowequal" "^1.1.0"
  
  "rc-tabs@~11.10.0":
    "integrity" "sha512-DDuUdV6b9zGRYLtjI5hyejWLKoz1QiLWNgMeBzc3aMeQylZFhTYnFGdDc6HRqj5IYearNTsFPVSA+6VIT8g5cg=="
    "resolved" "https://registry.npmmirror.com/rc-tabs/-/rc-tabs-11.10.5.tgz"
    "version" "11.10.5"
    dependencies:
      "@babel/runtime" "^7.11.2"
      "classnames" "2.x"
      "rc-dropdown" "^3.2.0"
      "rc-menu" "^9.0.0"
      "rc-resize-observer" "^1.0.0"
      "rc-util" "^5.5.0"
  
  "rc-textarea@^0.3.0", "rc-textarea@~0.3.0":
    "integrity" "sha512-yCdZ6binKmAQB13hc/oehh0E/QRwoPP1pjF21aHBxlgXO3RzPF6dUu4LG2R4FZ1zx/fQd2L1faktulrXOM/2rw=="
    "resolved" "https://registry.npmmirror.com/rc-textarea/-/rc-textarea-0.3.7.tgz"
    "version" "0.3.7"
    dependencies:
      "@babel/runtime" "^7.10.1"
      "classnames" "^2.2.1"
      "rc-resize-observer" "^1.0.0"
      "rc-util" "^5.7.0"
      "shallowequal" "^1.1.0"
  
  "rc-tooltip@^5.0.1", "rc-tooltip@~5.1.1":
    "integrity" "sha512-alt8eGMJulio6+4/uDm7nvV+rJq9bsfxFDCI0ljPdbuoygUscbsMYb6EQgwib/uqsXQUvzk+S7A59uYHmEgmDA=="
    "resolved" "https://registry.npmmirror.com/rc-tooltip/-/rc-tooltip-5.1.1.tgz"
    "version" "5.1.1"
    dependencies:
      "@babel/runtime" "^7.11.2"
      "rc-trigger" "^5.0.0"
  
  "rc-tree-select@~5.1.1":
    "integrity" "sha512-sTulyQZB1SgF2HzAR49i4vjMNvV/tfPxCTc+qNuWOwaAtSm2bwGH6/wfi3k3Dw2/5PPOGpRRpgCMltoP9aG0+w=="
    "resolved" "https://registry.npmmirror.com/rc-tree-select/-/rc-tree-select-5.1.2.tgz"
    "version" "5.1.2"
    dependencies:
      "@babel/runtime" "^7.10.1"
      "classnames" "2.x"
      "rc-select" "~14.0.0-alpha.8"
      "rc-tree" "~5.4.3"
      "rc-util" "^5.16.1"
  
  "rc-tree@~5.4.3":
    "integrity" "sha512-WAHV8FkBerulj9J/+61+Qn0TD/Zo37PrDG8/45WomzGTYavxFMur9YguKjQj/J+NxjVJzrJL3lvdSZsumfdbiA=="
    "resolved" "https://registry.npmmirror.com/rc-tree/-/rc-tree-5.4.3.tgz"
    "version" "5.4.3"
    dependencies:
      "@babel/runtime" "^7.10.1"
      "classnames" "2.x"
      "rc-motion" "^2.0.1"
      "rc-util" "^5.16.1"
      "rc-virtual-list" "^3.4.1"
  
  "rc-trigger@^5.0.0", "rc-trigger@^5.0.4", "rc-trigger@^5.1.2", "rc-trigger@^5.2.10":
    "integrity" "sha512-FkUf4H9BOFDaIwu42fvRycXMAvkttph9AlbCZXssZDVzz2L+QZ0ERvfB/4nX3ZFPh1Zd+uVGr1DEDeXxq4J1TA=="
    "resolved" "https://registry.npmmirror.com/rc-trigger/-/rc-trigger-5.2.10.tgz"
    "version" "5.2.10"
    dependencies:
      "@babel/runtime" "^7.11.2"
      "classnames" "^2.2.6"
      "rc-align" "^4.0.0"
      "rc-motion" "^2.0.0"
      "rc-util" "^5.5.0"
  
  "rc-upload@~4.3.0":
    "integrity" "sha512-YoJ0phCRenMj1nzwalXzciKZ9/FAaCrFu84dS5pphwucTC8GUWClcDID/WWNGsLFcM97NqIboDqrV82rVRhW/w=="
    "resolved" "https://registry.npmmirror.com/rc-upload/-/rc-upload-4.3.3.tgz"
    "version" "4.3.3"
    dependencies:
      "@babel/runtime" "^7.10.1"
      "classnames" "^2.2.5"
      "rc-util" "^5.2.0"
  
  "rc-util@^5.0.1", "rc-util@^5.0.6", "rc-util@^5.0.7", "rc-util@^5.12.0", "rc-util@^5.14.0", "rc-util@^5.15.0", "rc-util@^5.16.1", "rc-util@^5.2.0", "rc-util@^5.2.1", "rc-util@^5.3.0", "rc-util@^5.4.0", "rc-util@^5.5.0", "rc-util@^5.5.1", "rc-util@^5.6.1", "rc-util@^5.7.0", "rc-util@^5.8.0", "rc-util@^5.9.4", "rc-util@^5.9.8":
    "integrity" "sha512-HWuTIKzBeZQQ7IBqdokE0wMp/xx39/KfUJ0gcquBigoldDCrf3YBcWFHrrQlJG7sI82Wg8mwp1uAKV3zMGfAgg=="
    "resolved" "https://registry.npmmirror.com/rc-util/-/rc-util-5.17.0.tgz"
    "version" "5.17.0"
    dependencies:
      "@babel/runtime" "^7.12.5"
      "react-is" "^16.12.0"
      "shallowequal" "^1.1.0"
  
  "rc-virtual-list@^3.2.0", "rc-virtual-list@^3.4.1":
    "integrity" "sha512-OyVrrPvvFcHvV0ssz5EDZ+7Rf5qLat/+mmujjchNw5FfbJWNDwkpQ99EcVE6+FtNRmX9wFa1LGNpZLUTvp/4GQ=="
    "resolved" "https://registry.npmmirror.com/rc-virtual-list/-/rc-virtual-list-3.4.2.tgz"
    "version" "3.4.2"
    dependencies:
      "classnames" "^2.2.6"
      "rc-resize-observer" "^1.0.0"
      "rc-util" "^5.0.7"
  
  "react-dom@*", "react-dom@^17.0.2", "react-dom@>= 16.9.0", "react-dom@>=16.0.0", "react-dom@>=16.8", "react-dom@>=16.9.0":
    "integrity" "sha512-s4h96KtLDUQlsENhMn1ar8t2bEa+q/YAtj8pPPdIjPDGBDIVNsrD9aXNWqspUe6AzKCIG0C1HZZLqLV7qpOBGA=="
    "resolved" "https://registry.npmmirror.com/react-dom/-/react-dom-17.0.2.tgz"
    "version" "17.0.2"
    dependencies:
      "loose-envify" "^1.1.0"
      "object-assign" "^4.1.1"
      "scheduler" "^0.20.2"
  
  "react-infinite-scroll-component@^6.1.0":
    "integrity" "sha512-SQu5nCqy8DxQWpnUVLx7V7b7LcA37aM7tvoWjTLZp1dk6EJibM5/4EJKzOnl07/BsM1Y40sKLuqjCwwH/xV0TQ=="
    "resolved" "https://registry.npmmirror.com/react-infinite-scroll-component/-/react-infinite-scroll-component-6.1.0.tgz"
    "version" "6.1.0"
    dependencies:
      "throttle-debounce" "^2.1.0"
  
  "react-is@^16.12.0":
    "integrity" "sha512-24e6ynE2H+OKt4kqsOvNd8kBpV65zoxbA4BVsEOB3ARVWQki/DHzaUoC5KuON/BiccDaCCTZBuOcfZs70kR8bQ=="
    "resolved" "https://registry.npmmirror.com/react-is/-/react-is-16.13.1.tgz"
    "version" "16.13.1"
  
  "react-refresh@^0.11.0":
    "integrity" "sha512-F27qZr8uUqwhWZboondsPx8tnC3Ct3SxZA3V5WyEvujRyyNv0VYPhoBg1gZ8/MV5tubQp76Trw8lTv9hzRBa+A=="
    "resolved" "https://registry.npmmirror.com/react-refresh/-/react-refresh-0.11.0.tgz"
    "version" "0.11.0"
  
  "react-router-dom@6":
    "integrity" "sha512-I6Zax+/TH/cZMDpj3/4Fl2eaNdcvoxxHoH1tYOREsQ22OKDYofGebrNm6CTPUcvLvZm63NL/vzCYdjf9CUhqmA=="
    "resolved" "https://registry.npmmirror.com/react-router-dom/-/react-router-dom-6.2.1.tgz"
    "version" "6.2.1"
    dependencies:
      "history" "^5.2.0"
      "react-router" "6.2.1"
  
  "react-router@6.2.1":
    "integrity" "sha512-2fG0udBtxou9lXtK97eJeET2ki5//UWfQSl1rlJ7quwe6jrktK9FCCc8dQb5QY6jAv3jua8bBQRhhDOM/kVRsg=="
    "resolved" "https://registry.npmmirror.com/react-router/-/react-router-6.2.1.tgz"
    "version" "6.2.1"
    dependencies:
      "history" "^5.2.0"
  
  "react@*", "react@^17.0.2", "react@>= 16.9.0", "react@>=16.0.0", "react@>=16.8", "react@>=16.9.0", "react@17.0.2":
    "integrity" "sha512-gnhPt75i/dq/z3/6q/0asP78D0u592D5L1pd7M8P+dck6Fu/jJeL6iVVK23fptSUZj8Vjf++7wXA8UNclGQcbA=="
    "resolved" "https://registry.npmmirror.com/react/-/react-17.0.2.tgz"
    "version" "17.0.2"
    dependencies:
      "loose-envify" "^1.1.0"
      "object-assign" "^4.1.1"
  
  "regenerator-runtime@^0.13.4":
    "integrity" "sha512-p3VT+cOEgxFsRRA9X4lkI1E+k2/CtnKtU4gcxyaCUreilL/vqI6CdZ3wxVUx3UOUg+gnUOQQcRI7BmSI656MYA=="
    "resolved" "https://registry.npmmirror.com/regenerator-runtime/-/regenerator-runtime-0.13.9.tgz"
    "version" "0.13.9"
  
  "resize-observer-polyfill@^1.5.0", "resize-observer-polyfill@^1.5.1":
    "integrity" "sha512-LwZrotdHOo12nQuZlHEmtuXdqGoOD0OhaxopaNFxWzInpEgaLWoVuAMbTzixuosCx2nEG58ngzW3vxdWoxIgdg=="
    "resolved" "https://registry.npmmirror.com/resize-observer-polyfill/-/resize-observer-polyfill-1.5.1.tgz"
    "version" "1.5.1"
  
  "resolve@^1.20.0":
    "integrity" "sha512-Hhtrw0nLeSrFQ7phPp4OOcVjLPIeMnRlr5mcnVuMe7M/7eBn98A3hmFRLoFo3DLZkivSYwhRUJTyPyWAk56WLw=="
    "resolved" "https://registry.npmmirror.com/resolve/-/resolve-1.22.0.tgz"
    "version" "1.22.0"
    dependencies:
      "is-core-module" "^2.8.1"
      "path-parse" "^1.0.7"
      "supports-preserve-symlinks-flag" "^1.0.0"
  
  "rollup@^2.59.0":
    "integrity" "sha512-W83AaERwvDiHwHEF/dfAfS3z1Be5wf7n+pO3ZAO5IQadCT2lBTr7WQ2MwZZe+nodbD+n3HtC4OCOAdsOPPcKZQ=="
    "resolved" "https://registry.npmmirror.com/rollup/-/rollup-2.67.0.tgz"
    "version" "2.67.0"
    optionalDependencies:
      "fsevents" "~2.3.2"
  
  "safe-buffer@~5.1.1":
    "integrity" "sha512-Gd2UZBJDkXlY7GbJxfsE8/nvKkUEU1G38c1siN6QP6a9PT9MmHB8GnpscSmMJSoF8LOIrt8ud/wPtojys4G6+g=="
    "resolved" "https://registry.npmmirror.com/safe-buffer/-/safe-buffer-5.1.2.tgz"
    "version" "5.1.2"
  
  "scheduler@^0.20.2":
    "integrity" "sha512-2eWfGgAqqWFGqtdMmcL5zCMK1U8KlXv8SQFGglL3CEtd0aDVDWgeF/YoCmvln55m5zSk3J/20hTaSBeSObsQDQ=="
    "resolved" "https://registry.npmmirror.com/scheduler/-/scheduler-0.20.2.tgz"
    "version" "0.20.2"
    dependencies:
      "loose-envify" "^1.1.0"
      "object-assign" "^4.1.1"
  
  "scroll-into-view-if-needed@^2.2.25":
    "integrity" "sha512-hxpAR6AN+Gh53AdAimHM6C8oTN1ppwVZITihix+WqalywBeFcQ6LdQP5ABNl26nX8GTEL7VT+b8lKpdqq65wXg=="
    "resolved" "https://registry.npmmirror.com/scroll-into-view-if-needed/-/scroll-into-view-if-needed-2.2.29.tgz"
    "version" "2.2.29"
    dependencies:
      "compute-scroll-into-view" "^1.0.17"
  
  "semver@^6.3.0":
    "integrity" "sha512-b39TBaTSfV6yBrapU89p5fKekE2m/NwnDocOVruQFS1/veMgdzuPcnOM34M6CwxW8jH/lxEa5rBoDeUwu5HHTw=="
    "resolved" "https://registry.npmmirror.com/semver/-/semver-6.3.0.tgz"
    "version" "6.3.0"
  
  "shallowequal@^1.1.0":
    "integrity" "sha512-y0m1JoUZSlPAjXVtPPW70aZWfIL/dSP7AFkRnniLCrK/8MDKog3TySTBmckD+RObVxH0v4Tox67+F14PdED2oQ=="
    "resolved" "https://registry.npmmirror.com/shallowequal/-/shallowequal-1.1.0.tgz"
    "version" "1.1.0"
  
  "source-map-js@^1.0.2":
    "integrity" "sha512-R0XvVJ9WusLiqTCEiGCmICCMplcCkIwwR11mOSD9CR5u+IXYdiseeEuXCVAjS54zqwkLcPNnmU4OeJ6tUrWhDw=="
    "resolved" "https://registry.npmmirror.com/source-map-js/-/source-map-js-1.0.2.tgz"
    "version" "1.0.2"
  
  "source-map@^0.5.0":
    "integrity" "sha512-LbrmJOMUSdEVxIKvdcJzQC+nQhe8FUZQTXQy6+I75skNgn3OoQ0DZA8YnFa7gp8tqtL3KPf1kmo0R5DoApeSGQ=="
    "resolved" "https://registry.npmmirror.com/source-map/-/source-map-0.5.7.tgz"
    "version" "0.5.7"
  
  "sourcemap-codec@1.4.8":
    "integrity" "sha512-9NykojV5Uih4lgo5So5dtw+f0JgJX30KCNI8gwhz2J9A15wD0Ml6tjHKwf6fTSa6fAdVBdZeNOs9eJ71qCk8vA=="
    "resolved" "https://registry.npmmirror.com/sourcemap-codec/-/sourcemap-codec-1.4.8.tgz"
    "version" "1.4.8"
  
  "string-convert@^0.2.0":
    "integrity" "sha512-u/1tdPl4yQnPBjnVrmdLo9gtuLvELKsAoRapekWggdiQNvvvum+jYF329d84NAa660KQw7pB2n36KrIKVoXa3A=="
    "resolved" "https://registry.npmmirror.com/string-convert/-/string-convert-0.2.1.tgz"
    "version" "0.2.1"
  
  "supports-color@^5.3.0":
    "integrity" "sha512-QjVjwdXIt408MIiAqCX4oUKsgU2EqAGzs2Ppkm4aQYbjm+ZEWEcW4SfFNTr4uMNZma0ey4f5lgLrkB0aX0QMow=="
    "resolved" "https://registry.npmmirror.com/supports-color/-/supports-color-5.5.0.tgz"
    "version" "5.5.0"
    dependencies:
      "has-flag" "^3.0.0"
  
  "supports-preserve-symlinks-flag@^1.0.0":
    "integrity" "sha512-ot0WnXS9fgdkgIcePe6RHNk1WA8+muPa6cSjeR3V8K27q9BB1rTE3R1p7Hv0z1ZyAc8s6Vvv8DIyWf681MAt0w=="
    "resolved" "https://registry.npmmirror.com/supports-preserve-symlinks-flag/-/supports-preserve-symlinks-flag-1.0.0.tgz"
    "version" "1.0.0"
  
  "throttle-debounce@^2.1.0":
    "integrity" "sha512-H7oLPV0P7+jgvrk+6mwwwBDmxTaxnu9HMXmloNLXwnNO0ZxZ31Orah2n8lU1eMPvsaowP2CX+USCgyovXfdOFQ=="
    "resolved" "https://registry.npmmirror.com/throttle-debounce/-/throttle-debounce-2.3.0.tgz"
    "version" "2.3.0"
  
  "to-fast-properties@^2.0.0":
    "integrity" "sha512-/OaKK0xYrs3DmxRYqL/yDc+FxFUVYhDlXMhRmv3z915w2HF1tnN1omB354j8VUGO/hbRzyD6Y3sA7v7GS/ceog=="
    "resolved" "https://registry.npmmirror.com/to-fast-properties/-/to-fast-properties-2.0.0.tgz"
    "version" "2.0.0"
  
  "toggle-selection@^1.0.6":
    "integrity" "sha512-BiZS+C1OS8g/q2RRbJmy59xpyghNBqrr6k5L/uKBGRsTfxmu3ffiRnd8mlGPUVayg8pvfi5urfnu8TU7DVOkLQ=="
    "resolved" "https://registry.npmmirror.com/toggle-selection/-/toggle-selection-1.0.6.tgz"
    "version" "1.0.6"
  
  "vite@^2.7.2":
    "integrity" "sha512-Mq8et7f3aK0SgSxjDNfOAimZGW9XryfHRa/uV0jseQSilg+KhYDSoNb9h1rknOy6SuMkvNDLKCYAYYUMCE+IgQ=="
    "resolved" "https://registry.npmmirror.com/vite/-/vite-2.7.13.tgz"
    "version" "2.7.13"
    dependencies:
      "esbuild" "^0.13.12"
      "postcss" "^8.4.5"
      "resolve" "^1.20.0"
      "rollup" "^2.59.0"
    optionalDependencies:
      "fsevents" "~2.3.2"
  
  "webworkify-webpack@^2.1.5":
    "integrity" "sha512-2akF8FIyUvbiBBdD+RoHpoTbHMQF2HwjcxfDvgztAX5YwbZNyrtfUMgvfgFVsgDhDPVTlkbb5vyasqDHfIDPQw=="
    "resolved" "https://registry.npmmirror.com/webworkify-webpack/-/webworkify-webpack-2.1.5.tgz"
    "version" "2.1.5"
